INFO  23-08-04 20:50:19[restartedMain] [c.t.noone.NooneApplication:51] - Starting NooneApplication using Java 17.0.6 with PID 23104 (C:\Users\wjdwn\Desktop\Back-End-main\build\classes\java\main started by wjdwn in C:\Users\wjdwn\Desktop\Back-End-main)
INFO  23-08-04 20:50:19[restartedMain] [c.t.noone.NooneApplication:634] - No active profile set, falling back to 1 default profile: "default"
INFO  23-08-04 20:50:19[restartedMain] [o.s.b.d.e.DevToolsPropertyDefaultsPostProcessor:250] - Devtools property defaults active! Set 'spring.devtools.add-properties' to 'false' to disable
INFO  23-08-04 20:50:19[restartedMain] [o.s.b.d.e.DevToolsPropertyDefaultsPostProcessor:250] - For additional web related logging consider setting the 'logging.level.web' property to 'DEBUG'
INFO  23-08-04 20:50:21[restartedMain] [o.s.d.r.c.RepositoryConfigurationDelegate:291] - Multiple Spring Data modules found, entering strict repository configuration mode
INFO  23-08-04 20:50:21[restartedMain] [o.s.d.r.c.RepositoryConfigurationDelegate:138] - Bootstrapping Spring Data JPA repositories in DEFAULT mode.
INFO  23-08-04 20:50:21[restartedMain] [o.s.d.r.c.RepositoryConfigurationDelegate:208] - Finished Spring Data repository scanning in 417 ms. Found 1 JPA repository interfaces.
INFO  23-08-04 20:50:21[restartedMain] [o.s.d.r.c.RepositoryConfigurationDelegate:291] - Multiple Spring Data modules found, entering strict repository configuration mode
INFO  23-08-04 20:50:21[restartedMain] [o.s.d.r.c.RepositoryConfigurationDelegate:138] - Bootstrapping Spring Data Redis repositories in DEFAULT mode.
INFO  23-08-04 20:50:21[restartedMain] [o.s.d.r.c.RepositoryConfigurationExtensionSupport:320] - Spring Data Redis - Could not safely identify store assignment for repository candidate interface com.techconnection.noone.biz.sample.SampleBoardRepository; If you want this repository to be a Redis repository, consider annotating your entities with one of these annotations: org.springframework.data.redis.core.RedisHash (preferred), or consider extending one of the following types with your repository: org.springframework.data.keyvalue.repository.KeyValueRepository
INFO  23-08-04 20:50:21[restartedMain] [o.s.d.r.c.RepositoryConfigurationDelegate:208] - Finished Spring Data repository scanning in 43 ms. Found 0 Redis repository interfaces.
WARN  23-08-04 20:50:22[restartedMain] [o.m.s.mapper.ClassPathMapperScanner:44] - Skipping MapperFactoryBean with name 'sampleBoardRepository' and 'com.techconnection.noone.biz.sample.SampleBoardRepository' mapperInterface. Bean already defined with the same name!
INFO  23-08-04 20:50:23[restartedMain] [o.s.b.w.e.tomcat.TomcatWebServer:108] - Tomcat initialized with port(s): 8080 (http)
INFO  23-08-04 20:50:23[restartedMain] [o.a.coyote.http11.Http11NioProtocol:173] - Initializing ProtocolHandler ["http-nio-8080"]
INFO  23-08-04 20:50:23[restartedMain] [o.a.catalina.core.StandardService:173] - Starting service [Tomcat]
INFO  23-08-04 20:50:23[restartedMain] [o.a.catalina.core.StandardEngine:173] - Starting Servlet engine: [Apache Tomcat/10.1.11]
INFO  23-08-04 20:50:23[restartedMain] [o.a.c.c.C.[Tomcat].[localhost].[/]:173] - Initializing Spring embedded WebApplicationContext
INFO  23-08-04 20:50:23[restartedMain] [o.s.b.w.s.c.ServletWebServerApplicationContext:291] - Root WebApplicationContext: initialization completed in 4163 ms
INFO  23-08-04 20:50:24[restartedMain] [o.h.jpa.internal.util.LogHelper:31] - HHH000204: Processing PersistenceUnitInfo [name: default]
INFO  23-08-04 20:50:24[restartedMain] [org.hibernate.Version:44] - HHH000412: Hibernate ORM core version 6.2.6.Final
INFO  23-08-04 20:50:24[restartedMain] [org.hibernate.cfg.Environment:191] - HHH000406: Using bytecode reflection optimizer
INFO  23-08-04 20:50:24[restartedMain] [o.h.b.i.BytecodeProviderInitiator:53] - HHH000021: Bytecode provider name : bytebuddy
INFO  23-08-04 20:50:25[restartedMain] [o.s.o.j.p.SpringPersistenceUnitInfo:87] - No LoadTimeWeaver setup: ignoring JPA class transformer
INFO  23-08-04 20:50:25[restartedMain] [com.zaxxer.hikari.HikariDataSource:110] - HikariPool-1 - Starting...
INFO  23-08-04 20:50:26[restartedMain] [com.zaxxer.hikari.pool.HikariPool:565] - HikariPool-1 - Added connection com.mysql.cj.jdbc.ConnectionImpl@18b1ddb3
INFO  23-08-04 20:50:26[restartedMain] [com.zaxxer.hikari.HikariDataSource:123] - HikariPool-1 - Start completed.
INFO  23-08-04 20:50:27[restartedMain] [o.h.b.i.BytecodeProviderInitiator:53] - HHH000021: Bytecode provider name : bytebuddy
INFO  23-08-04 20:50:28[restartedMain] [o.h.e.t.j.p.i.JtaPlatformInitiator:51] - HHH000490: Using JtaPlatform implementation: [org.hibernate.engine.transaction.jta.platform.internal.NoJtaPlatform]
INFO  23-08-04 20:50:28[restartedMain] [o.s.o.j.LocalContainerEntityManagerFactoryBean:437] - Initialized JPA EntityManagerFactory for persistence unit 'default'
WARN  23-08-04 20:50:29[restartedMain] [o.m.spring.SqlSessionFactoryBean:44] - Property 'mapperLocations' was specified but matching resources are not found.
WARN  23-08-04 20:50:29[restartedMain] [o.s.b.a.o.j.JpaBaseConfiguration$JpaWebConfiguration:231] - spring.jpa.open-in-view is enabled by default. Therefore, database queries may be performed during view rendering. Explicitly configure spring.jpa.open-in-view to disable this warning
INFO  23-08-04 20:50:29[restartedMain] [o.s.b.a.w.s.WelcomePageHandlerMapping:57] - Adding welcome page template: index
INFO  23-08-04 20:50:30[restartedMain] [o.s.s.web.DefaultSecurityFilterChain:54] - Will secure any request with [org.springframework.security.web.session.DisableEncodeUrlFilter@32836a7c, org.springframework.security.web.context.request.async.WebAsyncManagerIntegrationFilter@4b2c9b75, org.springframework.security.web.context.SecurityContextHolderFilter@19b0188, org.springframework.security.web.header.HeaderWriterFilter@7dd66933, org.springframework.security.web.authentication.logout.LogoutFilter@6a22cdbd, org.springframework.security.web.savedrequest.RequestCacheAwareFilter@728ebe7e, org.springframework.security.web.servletapi.SecurityContextHolderAwareRequestFilter@59267ce0, org.springframework.security.web.authentication.AnonymousAuthenticationFilter@8cda08, org.springframework.security.web.access.ExceptionTranslationFilter@7b4134e0, org.springframework.security.web.access.intercept.AuthorizationFilter@125d7168]
INFO  23-08-04 20:50:31[restartedMain] [o.s.b.d.a.OptionalLiveReloadServer:59] - LiveReload server is running on port 35729
INFO  23-08-04 20:50:31[restartedMain] [o.a.coyote.http11.Http11NioProtocol:173] - Starting ProtocolHandler ["http-nio-8080"]
INFO  23-08-04 20:50:31[restartedMain] [o.s.b.w.e.tomcat.TomcatWebServer:220] - Tomcat started on port(s): 8080 (http) with context path ''
INFO  23-08-04 20:50:31[restartedMain] [c.t.noone.NooneApplication:57] - Started NooneApplication in 13.698 seconds (process running for 15.083)
